<?xml version="1.0" encoding="UTF-8"?>
<testsuite name="DownloadTest" tests="1" skipped="0" failures="0" errors="0" timestamp="2020-01-19T10:47:31" hostname="admin1-desktop" time="11.62">
  <properties/>
  <testcase name="download" classname="DownloadTest" time="11.62"/>
  <system-out><![CDATA[]]></system-out>
  <system-err><![CDATA[Jan 19, 2020 4:17:03 PM org.openqa.selenium.remote.DesiredCapabilities chrome
INFO: Using `new ChromeOptions()` is preferred to `DesiredCapabilities.chrome()`
Starting ChromeDriver 79.0.3945.36 (3582db32b33893869b8c1339e8f4d9ed1816f143-refs/branch-heads/3945@{#614}) on port 3390
Only local connections are allowed.
Please protect ports used by ChromeDriver and related test frameworks to prevent access by malicious code.
Jan 19, 2020 4:17:15 PM org.openqa.selenium.remote.ProtocolHandshake createSession
INFO: Detected dialect: W3C
Starting ChromeDriver 79.0.3945.36 (3582db32b33893869b8c1339e8f4d9ed1816f143-refs/branch-heads/3945@{#614}) on port 29707
Only local connections are allowed.
Please protect ports used by ChromeDriver and related test frameworks to prevent access by malicious code.
Jan 19, 2020 4:17:34 PM org.openqa.selenium.remote.ProtocolHandshake createSession
INFO: Detected dialect: W3C
]]></system-err>
</testsuite>
