<?xml version="1.0" encoding="UTF-8"?>
<!-- Generated by org.testng.reporters.JUnitReportReporter -->
<testsuite hostname="admin1-desktop" failures="0" tests="2" name="CrossBrowser" time="16.588" errors="0" timestamp="20 Jan 2020 14:25:38 GMT">
  <testcase classname="CrossBrowser" name="givenMethodIntroducingCrossBrowsing" time="8.360"/>
  <testcase classname="CrossBrowser" name="givenMethodIntroducingCrossBrowsing" time="8.228"/>
</testsuite> <!-- CrossBrowser -->
