<?xml version="1.0" encoding="UTF-8"?>
<!-- Generated by org.testng.reporters.JUnitReportReporter -->
<testsuite hostname="admin1-desktop" failures="0" tests="2" name="CrossBrowser" time="21.823" errors="0" timestamp="22 Jan 2020 11:12:08 GMT">
  <testcase classname="CrossBrowser" name="givenMethodIntroducingCrossBrowsing" time="6.532"/>
  <testcase classname="CrossBrowser" name="givenMethodIntroducingCrossBrowsing" time="15.291"/>
</testsuite> <!-- CrossBrowser -->
