<?xml version="1.0" encoding="UTF-8"?>
<!-- Generated by org.testng.reporters.JUnitReportReporter -->
<testsuite hostname="admin1-desktop" failures="0" tests="1" name="DragandDrop" time="17.884" errors="0" timestamp="20 Jan 2020 12:33:11 GMT">
  <testcase classname="DragandDrop" name="givenMethodForDragAndDropFile" time="17.884"/>
</testsuite> <!-- DragandDrop -->
