<?xml version="1.0" encoding="UTF-8"?>
<testsuite name="AlreadyOpenedBrowser" tests="1" skipped="0" failures="0" errors="0" timestamp="2020-01-22T14:26:12" hostname="admin1-desktop" time="8.095">
  <properties/>
  <testcase name="givenMethodForRunScriptOnAlreadyOpenedBrowser" classname="AlreadyOpenedBrowser" time="8.095"/>
  <system-out><![CDATA[]]></system-out>
  <system-err><![CDATA[Starting ChromeDriver 79.0.3945.36 (3582db32b33893869b8c1339e8f4d9ed1816f143-refs/branch-heads/3945@{#614}) on port 9626
Only local connections are allowed.
Please protect ports used by ChromeDriver and related test frameworks to prevent access by malicious code.
Jan 22, 2020 7:56:15 PM org.openqa.selenium.remote.ProtocolHandshake createSession
INFO: Detected dialect: W3C
]]></system-err>
</testsuite>
